  game.cpp
C:\Users\Clark\Desktop\CubicDisposition\game.cpp(47,38): warning C4244: 'argument': conversion from 'int' to 'T', possible loss of data
          with
          [
              T=float
          ]
C:\Users\Clark\Desktop\CubicDisposition\game.cpp(47,31): warning C4244: 'argument': conversion from 'int' to 'T', possible loss of data
          with
          [
              T=float
          ]
C:\Users\Clark\Desktop\CubicDisposition\game.cpp(53,10): warning C4244: 'initializing': conversion from 'int' to 'float', possible loss of data
C:\Users\Clark\Desktop\CubicDisposition\game.cpp(57,120): warning C4244: 'argument': conversion from 'double' to 'sf::Uint8', possible loss of data
C:\Users\Clark\Desktop\CubicDisposition\game.cpp(57,81): warning C4244: 'argument': conversion from 'double' to 'sf::Uint8', possible loss of data
C:\Users\Clark\Desktop\CubicDisposition\game.cpp(57,42): warning C4244: 'argument': conversion from 'double' to 'sf::Uint8', possible loss of data
C:\Users\Clark\Desktop\CubicDisposition\game.cpp(64,53): warning C4244: 'argument': conversion from 'float' to 'sf::Uint8', possible loss of data
C:\Users\Clark\Desktop\CubicDisposition\game.cpp(69,53): warning C4244: 'argument': conversion from 'float' to 'sf::Uint8', possible loss of data
C:\Users\Clark\Desktop\CubicDisposition\game.cpp(74,53): warning C4244: 'argument': conversion from 'float' to 'sf::Uint8', possible loss of data
C:\Users\Clark\Desktop\CubicDisposition\game.cpp(97,49): warning C4244: 'argument': conversion from 'double' to 'sf::Uint8', possible loss of data
C:\Users\Clark\Desktop\CubicDisposition\game.cpp(98,47): warning C4244: 'argument': conversion from 'double' to 'sf::Uint8', possible loss of data
C:\Users\Clark\Desktop\CubicDisposition\game.cpp(99,47): warning C4244: 'argument': conversion from 'double' to 'sf::Uint8', possible loss of data
C:\Users\Clark\Desktop\CubicDisposition\game.cpp(377,131): warning C4305: 'argument': truncation from 'double' to 'T'
          with
          [
              T=float
          ]
C:\Users\Clark\Desktop\CubicDisposition\game.cpp(423,65): warning C4244: 'argument': conversion from 'int' to 'T', possible loss of data
          with
          [
              T=float
          ]
C:\Users\Clark\Desktop\CubicDisposition\game.cpp(435,64): warning C4244: 'argument': conversion from 'int' to 'T', possible loss of data
          with
          [
              T=float
          ]
C:\Users\Clark\Desktop\CubicDisposition\game.cpp(450,113): warning C4244: 'argument': conversion from 'int' to 'T', possible loss of data
          with
          [
              T=float
          ]
C:\Users\Clark\Desktop\CubicDisposition\game.cpp(450,67): warning C4244: 'argument': conversion from 'int' to 'T', possible loss of data
          with
          [
              T=float
          ]
C:\Users\Clark\Desktop\CubicDisposition\game.cpp(461,112): warning C4244: 'argument': conversion from 'int' to 'T', possible loss of data
          with
          [
              T=float
          ]
C:\Users\Clark\Desktop\CubicDisposition\game.cpp(461,66): warning C4244: 'argument': conversion from 'int' to 'T', possible loss of data
          with
          [
              T=float
          ]
C:\Users\Clark\Desktop\CubicDisposition\game.cpp(475,112): warning C4244: 'argument': conversion from 'int' to 'T', possible loss of data
          with
          [
              T=float
          ]
C:\Users\Clark\Desktop\CubicDisposition\game.cpp(475,66): warning C4244: 'argument': conversion from 'int' to 'T', possible loss of data
          with
          [
              T=float
          ]
C:\Users\Clark\Desktop\CubicDisposition\game.cpp(494,112): warning C4244: 'argument': conversion from 'int' to 'T', possible loss of data
          with
          [
              T=float
          ]
C:\Users\Clark\Desktop\CubicDisposition\game.cpp(494,66): warning C4244: 'argument': conversion from 'int' to 'T', possible loss of data
          with
          [
              T=float
          ]
C:\Users\Clark\Desktop\CubicDisposition\game.cpp(506,106): warning C4244: 'argument': conversion from 'int' to 'T', possible loss of data
          with
          [
              T=float
          ]
C:\Users\Clark\Desktop\CubicDisposition\game.cpp(506,62): warning C4244: 'argument': conversion from 'int' to 'T', possible loss of data
          with
          [
              T=float
          ]
C:\Users\Clark\Desktop\CubicDisposition\game.cpp(518,106): warning C4244: 'argument': conversion from 'int' to 'T', possible loss of data
          with
          [
              T=float
          ]
C:\Users\Clark\Desktop\CubicDisposition\game.cpp(518,62): warning C4244: 'argument': conversion from 'int' to 'T', possible loss of data
          with
          [
              T=float
          ]
C:\Users\Clark\Desktop\CubicDisposition\game.cpp(532,115): warning C4244: 'argument': conversion from 'int' to 'T', possible loss of data
          with
          [
              T=float
          ]
C:\Users\Clark\Desktop\CubicDisposition\game.cpp(532,68): warning C4244: 'argument': conversion from 'int' to 'T', possible loss of data
          with
          [
              T=float
          ]
C:\Users\Clark\Desktop\CubicDisposition\game.cpp(555,115): warning C4244: 'argument': conversion from 'int' to 'T', possible loss of data
          with
          [
              T=float
          ]
C:\Users\Clark\Desktop\CubicDisposition\game.cpp(555,68): warning C4244: 'argument': conversion from 'int' to 'T', possible loss of data
          with
          [
              T=float
          ]
  Generating code
  2 of 304 functions ( 0.7%) were compiled, the rest were copied from previous compilation.
    0 functions were new in current compilation
    2 functions had inline decision re-evaluated but remain unchanged
  Finished generating code
  CubicDisposition.vcxproj -> C:\Users\Clark\Desktop\CubicDisposition\Release\CubicDisposition.exe
