c:\users\clark\desktop\cubicdisposition\release\vc142.pdb
c:\users\clark\desktop\cubicdisposition\release\shooter.obj
c:\users\clark\desktop\cubicdisposition\release\menu.obj
c:\users\clark\desktop\cubicdisposition\release\main.obj
c:\users\clark\desktop\cubicdisposition\release\homing.obj
c:\users\clark\desktop\cubicdisposition\release\health.obj
c:\users\clark\desktop\cubicdisposition\release\game.obj
c:\users\clark\desktop\cubicdisposition\release\enemy.obj
c:\users\clark\desktop\cubicdisposition\release\effect.obj
c:\users\clark\desktop\cubicdisposition\release\bomb.obj
c:\users\clark\desktop\cubicdisposition\release\area.obj
c:\users\clark\desktop\cubicdisposition\release\cubicdisposition.ipdb
c:\users\clark\desktop\cubicdisposition\release\cubicdisposition.iobj
c:\users\clark\desktop\cubicdisposition\release\cubicdisposition.exe
c:\users\clark\desktop\cubicdisposition\release\cubicdisposition.pdb
c:\users\clark\desktop\cubicdisposition\release\cubicdisposition.tlog\cl.command.1.tlog
c:\users\clark\desktop\cubicdisposition\release\cubicdisposition.tlog\cl.read.1.tlog
c:\users\clark\desktop\cubicdisposition\release\cubicdisposition.tlog\cl.write.1.tlog
c:\users\clark\desktop\cubicdisposition\release\cubicdisposition.tlog\cubicdisposition.write.1u.tlog
c:\users\clark\desktop\cubicdisposition\release\cubicdisposition.tlog\link.command.1.tlog
c:\users\clark\desktop\cubicdisposition\release\cubicdisposition.tlog\link.read.1.tlog
c:\users\clark\desktop\cubicdisposition\release\cubicdisposition.tlog\link.write.1.tlog
